<?xml version="1.0" encoding="UTF-8"?>
<!-- Generated by org.testng.reporters.JUnitReportReporter -->
<testsuite hostname="DESKTOP-GOR68E1" failures="0" tests="1" name="com.selenium.grid.ExecuteTest" time="4.686" errors="0" timestamp="26 Mar 2021 00:50:55 GMT">
  <testcase classname="com.selenium.grid.ExecuteTest" name="testTitleInChrome" time="4.686"/>
</testsuite> <!-- com.selenium.grid.ExecuteTest -->
