<?xml version="1.0" encoding="UTF-8"?>
<!-- Generated by org.testng.reporters.JUnitReportReporter -->
<testsuite hostname="DESKTOP-GOR68E1" failures="0" tests="1" name="com.selenium.grid.MonkMainsOnly" time="6.568" errors="0" timestamp="26 Mar 2021 01:31:58 GMT">
  <testcase classname="com.selenium.grid.MonkMainsOnly" name="testTitleInChrome" time="6.568"/>
</testsuite> <!-- com.selenium.grid.MonkMainsOnly -->
